<?xml version="1.0" encoding="UTF-8"?>
<!-- Generated by org.testng.reporters.JUnitReportReporter -->
<testsuite skipped="0" hostname="LIN17000201" name="com.auto.selenium.pagetest.LoginTest" tests="3" failures="0" timestamp="2019-11-17T18:35:28 IST" time="6.329" errors="0">
  <testcase name="checkErrorText" time="2.342" classname="com.auto.selenium.pagetest.LoginTest"/>
  <testcase name="checkCredentialFields" time="0.154" classname="com.auto.selenium.pagetest.LoginTest"/>
  <testcase name="checkValidCredentials" time="3.833" classname="com.auto.selenium.pagetest.LoginTest"/>
</testsuite> <!-- com.auto.selenium.pagetest.LoginTest -->
