<?xml version="1.0" encoding="UTF-8"?>
<!-- Generated by org.testng.reporters.JUnitReportReporter -->
<testsuite skipped="0" hostname="LIN17000201" name="com.auto.selenium.pagetest.AnnotatePageTest" tests="1" failures="0" timestamp="2019-11-17T18:35:28 IST" time="1.297" errors="0">
  <testcase name="AddCollection" time="1.297" classname="com.auto.selenium.pagetest.AnnotatePageTest"/>
</testsuite> <!-- com.auto.selenium.pagetest.AnnotatePageTest -->
