<?xml version="1.0" encoding="UTF-8"?>
<!-- Generated by org.testng.reporters.JUnitReportReporter -->
<testsuite skipped="0" hostname="LIN17000201" name="com.auto.selenium.pagetest.HomePageTest" tests="3" failures="0" timestamp="2019-11-17T18:35:28 IST" time="31.675" errors="0">
  <testcase name="checkforAnnotationPage" time="0.964" classname="com.auto.selenium.pagetest.HomePageTest"/>
  <testcase name="checkforDataPage" time="0.617" classname="com.auto.selenium.pagetest.HomePageTest"/>
  <testcase name="checkforDisabledLink" time="30.094" classname="com.auto.selenium.pagetest.HomePageTest"/>
</testsuite> <!-- com.auto.selenium.pagetest.HomePageTest -->
