<?xml version="1.0" encoding="UTF-8"?>
<!-- Generated by org.testng.reporters.JUnitReportReporter -->
<testsuite skipped="0" hostname="LIN17000201" name="com.auto.selenium.pagetest.DataModelerPageTest" tests="2" failures="0" timestamp="2019-11-17T18:35:28 IST" time="15.790" errors="0">
  <testcase name="checkTable" time="15.431" classname="com.auto.selenium.pagetest.DataModelerPageTest"/>
  <testcase name="TestSearchData" time="0.359" classname="com.auto.selenium.pagetest.DataModelerPageTest"/>
</testsuite> <!-- com.auto.selenium.pagetest.DataModelerPageTest -->
