<?xml version="1.0" encoding="UTF-8"?>
<!-- Generated by org.testng.reporters.JUnitReportReporter -->
<testsuite skipped="0" hostname="LIN17000201" name="com.auto.selenium.pagetest.TrainPageTest" tests="1" failures="0" timestamp="2019-11-17T18:35:28 IST" time="15.346" errors="0">
  <testcase name="checkElementTable" time="15.346" classname="com.auto.selenium.pagetest.TrainPageTest"/>
</testsuite> <!-- com.auto.selenium.pagetest.TrainPageTest -->
